<?xml version="1.0" encoding="UTF-8"?>
<!-- Generated by org.testng.reporters.JUnitXMLReporter -->
<testsuite hostname="SUD-PC" ignored="0" name="Test1" tests="16" failures="0" timestamp="2020-07-03T15:36:13 IST" time="856.769" errors="0">
  <testcase name="tc4" time="48.362" classname="com.tomvc.qa.testcases.Addition_todos_test"/>
  <testcase name="tc6" time="32.451" classname="com.tomvc.qa.testcases.Addition_todos_test"/>
  <testcase name="tc7" time="47.362" classname="com.tomvc.qa.testcases.Addition_todos_test"/>
  <testcase name="tc8" time="36.345" classname="com.tomvc.qa.testcases.Addition_todos_test"/>
  <testcase name="tc9" time="43.603" classname="com.tomvc.qa.testcases.Addition_todos_test"/>
  <testcase name="tc10" time="21.517" classname="com.tomvc.qa.testcases.Addition_todos_test"/>
  <testcase name="homepagetest" time="0.002" classname="com.tomvc.qa.testcases.Reactpagetest"/>
  <testcase name="tc2" time="6.325" classname="com.tomvc.qa.testcases.Validation_site"/>
  <testcase name="tc3" time="42.499" classname="com.tomvc.qa.testcases.Validation_site"/>
  <testcase name="tc11" time="34.708" classname="com.tomvc.qa.testcases.Validation_tab"/>
  <testcase name="tc12" time="57.357" classname="com.tomvc.qa.testcases.Validation_tab"/>
  <testcase name="tc13" time="52.551" classname="com.tomvc.qa.testcases.Validation_tab"/>
  <testcase name="tc14" time="45.104" classname="com.tomvc.qa.testcases.Validation_tab"/>
  <testcase name="tc15" time="52.685" classname="com.tomvc.qa.testcases.Validation_tab"/>
  <testcase name="tc16" time="63.277" classname="com.tomvc.qa.testcases.Validation_tab"/>
  <testcase name="tc17" time="50.29" classname="com.tomvc.qa.testcases.Validation_tab"/>
</testsuite> <!-- Test1 -->
