<?xml version="1.0" encoding="UTF-8"?>
<testng-results skipped="0" failed="0" ignored="0" total="16" passed="16">
  <reporter-output>
  </reporter-output>
  <suite name="Suite1" duration-ms="856769" started-at="2020-07-03T15:21:56 IST" finished-at="2020-07-03T15:36:13 IST">
    <groups>
    </groups>
    <test name="Test1" duration-ms="856769" started-at="2020-07-03T15:21:56 IST" finished-at="2020-07-03T15:36:13 IST">
      <class name="com.tomvc.qa.testcases.Validation_site">
        <test-method status="PASS" signature="setup()[pri:0, instance:com.tomvc.qa.testcases.Validation_site@1f554b06]" name="setup" is-config="true" duration-ms="9637" started-at="2020-07-03T15:27:23 IST" finished-at="2020-07-03T15:27:32 IST">
          <reporter-output>
          </reporter-output>
        </test-method> <!-- setup -->
        <test-method status="PASS" signature="tc2()[pri:0, instance:com.tomvc.qa.testcases.Validation_site@1f554b06]" name="tc2" duration-ms="6325" started-at="2020-07-03T15:27:32 IST" finished-at="2020-07-03T15:27:39 IST">
          <reporter-output>
          </reporter-output>
        </test-method> <!-- tc2 -->
        <test-method status="PASS" signature="teardown()[pri:0, instance:com.tomvc.qa.testcases.Validation_site@1f554b06]" name="teardown" is-config="true" duration-ms="568" started-at="2020-07-03T15:27:39 IST" finished-at="2020-07-03T15:27:39 IST">
          <reporter-output>
          </reporter-output>
        </test-method> <!-- teardown -->
        <test-method status="PASS" signature="setup()[pri:0, instance:com.tomvc.qa.testcases.Validation_site@1f554b06]" name="setup" is-config="true" duration-ms="17105" started-at="2020-07-03T15:27:39 IST" finished-at="2020-07-03T15:27:56 IST">
          <reporter-output>
          </reporter-output>
        </test-method> <!-- setup -->
        <test-method status="PASS" signature="tc3()[pri:1, instance:com.tomvc.qa.testcases.Validation_site@1f554b06]" name="tc3" duration-ms="42499" started-at="2020-07-03T15:27:56 IST" finished-at="2020-07-03T15:28:39 IST">
          <reporter-output>
          </reporter-output>
        </test-method> <!-- tc3 -->
        <test-method status="PASS" signature="teardown()[pri:0, instance:com.tomvc.qa.testcases.Validation_site@1f554b06]" name="teardown" is-config="true" duration-ms="647" started-at="2020-07-03T15:28:39 IST" finished-at="2020-07-03T15:28:39 IST">
          <reporter-output>
          </reporter-output>
        </test-method> <!-- teardown -->
      </class> <!-- com.tomvc.qa.testcases.Validation_site -->
      <class name="com.tomvc.qa.testcases.Reactpagetest">
        <test-method status="PASS" signature="setup()[pri:0, instance:com.tomvc.qa.testcases.Reactpagetest@614ddd49]" name="setup" is-config="true" duration-ms="15575" started-at="2020-07-03T15:27:06 IST" finished-at="2020-07-03T15:27:22 IST">
          <reporter-output>
          </reporter-output>
        </test-method> <!-- setup -->
        <test-method status="PASS" signature="homepagetest()[pri:0, instance:com.tomvc.qa.testcases.Reactpagetest@614ddd49]" name="homepagetest" duration-ms="2" started-at="2020-07-03T15:27:22 IST" finished-at="2020-07-03T15:27:22 IST">
          <reporter-output>
          </reporter-output>
        </test-method> <!-- homepagetest -->
        <test-method status="PASS" signature="teardown()[pri:0, instance:com.tomvc.qa.testcases.Reactpagetest@614ddd49]" name="teardown" is-config="true" duration-ms="1120" started-at="2020-07-03T15:27:22 IST" finished-at="2020-07-03T15:27:23 IST">
          <reporter-output>
          </reporter-output>
        </test-method> <!-- teardown -->
      </class> <!-- com.tomvc.qa.testcases.Reactpagetest -->
      <class name="com.tomvc.qa.testcases.Validation_tab">
        <test-method status="PASS" signature="setup()[pri:0, instance:com.tomvc.qa.testcases.Validation_tab@694e1548]" name="setup" is-config="true" duration-ms="14646" started-at="2020-07-03T15:28:39 IST" finished-at="2020-07-03T15:28:54 IST">
          <reporter-output>
          </reporter-output>
        </test-method> <!-- setup -->
        <test-method status="PASS" signature="tc11()[pri:0, instance:com.tomvc.qa.testcases.Validation_tab@694e1548]" name="tc11" duration-ms="34708" started-at="2020-07-03T15:28:54 IST" finished-at="2020-07-03T15:29:29 IST">
          <reporter-output>
          </reporter-output>
        </test-method> <!-- tc11 -->
        <test-method status="PASS" signature="teardown()[pri:0, instance:com.tomvc.qa.testcases.Validation_tab@694e1548]" name="teardown" is-config="true" duration-ms="623" started-at="2020-07-03T15:29:29 IST" finished-at="2020-07-03T15:29:29 IST">
          <reporter-output>
          </reporter-output>
        </test-method> <!-- teardown -->
        <test-method status="PASS" signature="setup()[pri:0, instance:com.tomvc.qa.testcases.Validation_tab@694e1548]" name="setup" is-config="true" duration-ms="14354" started-at="2020-07-03T15:29:29 IST" finished-at="2020-07-03T15:29:44 IST">
          <reporter-output>
          </reporter-output>
        </test-method> <!-- setup -->
        <test-method status="PASS" signature="tc12()[pri:1, instance:com.tomvc.qa.testcases.Validation_tab@694e1548]" name="tc12" duration-ms="57357" started-at="2020-07-03T15:29:44 IST" finished-at="2020-07-03T15:30:41 IST">
          <reporter-output>
          </reporter-output>
        </test-method> <!-- tc12 -->
        <test-method status="PASS" signature="teardown()[pri:0, instance:com.tomvc.qa.testcases.Validation_tab@694e1548]" name="teardown" is-config="true" duration-ms="683" started-at="2020-07-03T15:30:41 IST" finished-at="2020-07-03T15:30:42 IST">
          <reporter-output>
          </reporter-output>
        </test-method> <!-- teardown -->
        <test-method status="PASS" signature="setup()[pri:0, instance:com.tomvc.qa.testcases.Validation_tab@694e1548]" name="setup" is-config="true" duration-ms="9038" started-at="2020-07-03T15:30:42 IST" finished-at="2020-07-03T15:30:51 IST">
          <reporter-output>
          </reporter-output>
        </test-method> <!-- setup -->
        <test-method status="PASS" signature="tc13()[pri:2, instance:com.tomvc.qa.testcases.Validation_tab@694e1548]" name="tc13" duration-ms="52551" started-at="2020-07-03T15:30:51 IST" finished-at="2020-07-03T15:31:43 IST">
          <reporter-output>
          </reporter-output>
        </test-method> <!-- tc13 -->
        <test-method status="PASS" signature="teardown()[pri:0, instance:com.tomvc.qa.testcases.Validation_tab@694e1548]" name="teardown" is-config="true" duration-ms="638" started-at="2020-07-03T15:31:43 IST" finished-at="2020-07-03T15:31:44 IST">
          <reporter-output>
          </reporter-output>
        </test-method> <!-- teardown -->
        <test-method status="PASS" signature="setup()[pri:0, instance:com.tomvc.qa.testcases.Validation_tab@694e1548]" name="setup" is-config="true" duration-ms="9400" started-at="2020-07-03T15:31:44 IST" finished-at="2020-07-03T15:31:53 IST">
          <reporter-output>
          </reporter-output>
        </test-method> <!-- setup -->
        <test-method status="PASS" signature="tc14()[pri:3, instance:com.tomvc.qa.testcases.Validation_tab@694e1548]" name="tc14" duration-ms="45104" started-at="2020-07-03T15:31:53 IST" finished-at="2020-07-03T15:32:39 IST">
          <reporter-output>
          </reporter-output>
        </test-method> <!-- tc14 -->
        <test-method status="PASS" signature="teardown()[pri:0, instance:com.tomvc.qa.testcases.Validation_tab@694e1548]" name="teardown" is-config="true" duration-ms="631" started-at="2020-07-03T15:32:39 IST" finished-at="2020-07-03T15:32:39 IST">
          <reporter-output>
          </reporter-output>
        </test-method> <!-- teardown -->
        <test-method status="PASS" signature="setup()[pri:0, instance:com.tomvc.qa.testcases.Validation_tab@694e1548]" name="setup" is-config="true" duration-ms="14786" started-at="2020-07-03T15:32:39 IST" finished-at="2020-07-03T15:32:54 IST">
          <reporter-output>
          </reporter-output>
        </test-method> <!-- setup -->
        <test-method status="PASS" signature="tc15()[pri:4, instance:com.tomvc.qa.testcases.Validation_tab@694e1548]" name="tc15" duration-ms="52685" started-at="2020-07-03T15:32:54 IST" finished-at="2020-07-03T15:33:47 IST">
          <reporter-output>
          </reporter-output>
        </test-method> <!-- tc15 -->
        <test-method status="PASS" signature="teardown()[pri:0, instance:com.tomvc.qa.testcases.Validation_tab@694e1548]" name="teardown" is-config="true" duration-ms="619" started-at="2020-07-03T15:33:47 IST" finished-at="2020-07-03T15:33:47 IST">
          <reporter-output>
          </reporter-output>
        </test-method> <!-- teardown -->
        <test-method status="PASS" signature="setup()[pri:0, instance:com.tomvc.qa.testcases.Validation_tab@694e1548]" name="setup" is-config="true" duration-ms="17364" started-at="2020-07-03T15:33:47 IST" finished-at="2020-07-03T15:34:05 IST">
          <reporter-output>
          </reporter-output>
        </test-method> <!-- setup -->
        <test-method status="PASS" signature="tc16()[pri:5, instance:com.tomvc.qa.testcases.Validation_tab@694e1548]" name="tc16" duration-ms="63277" started-at="2020-07-03T15:34:05 IST" finished-at="2020-07-03T15:35:08 IST">
          <reporter-output>
          </reporter-output>
        </test-method> <!-- tc16 -->
        <test-method status="PASS" signature="teardown()[pri:0, instance:com.tomvc.qa.testcases.Validation_tab@694e1548]" name="teardown" is-config="true" duration-ms="624" started-at="2020-07-03T15:35:08 IST" finished-at="2020-07-03T15:35:09 IST">
          <reporter-output>
          </reporter-output>
        </test-method> <!-- teardown -->
        <test-method status="PASS" signature="setup()[pri:0, instance:com.tomvc.qa.testcases.Validation_tab@694e1548]" name="setup" is-config="true" duration-ms="13416" started-at="2020-07-03T15:35:09 IST" finished-at="2020-07-03T15:35:22 IST">
          <reporter-output>
          </reporter-output>
        </test-method> <!-- setup -->
        <test-method status="PASS" signature="tc17()[pri:6, instance:com.tomvc.qa.testcases.Validation_tab@694e1548]" name="tc17" duration-ms="50290" started-at="2020-07-03T15:35:22 IST" finished-at="2020-07-03T15:36:12 IST">
          <reporter-output>
          </reporter-output>
        </test-method> <!-- tc17 -->
        <test-method status="PASS" signature="teardown()[pri:0, instance:com.tomvc.qa.testcases.Validation_tab@694e1548]" name="teardown" is-config="true" duration-ms="623" started-at="2020-07-03T15:36:12 IST" finished-at="2020-07-03T15:36:13 IST">
          <reporter-output>
          </reporter-output>
        </test-method> <!-- teardown -->
      </class> <!-- com.tomvc.qa.testcases.Validation_tab -->
      <class name="com.tomvc.qa.testcases.Addition_todos_test">
        <test-method status="PASS" signature="setup()[pri:0, instance:com.tomvc.qa.testcases.Addition_todos_test@76707e36]" name="setup" is-config="true" duration-ms="12416" started-at="2020-07-03T15:21:56 IST" finished-at="2020-07-03T15:22:09 IST">
          <reporter-output>
          </reporter-output>
        </test-method> <!-- setup -->
        <test-method status="PASS" signature="tc4()[pri:0, instance:com.tomvc.qa.testcases.Addition_todos_test@76707e36]" name="tc4" duration-ms="48362" started-at="2020-07-03T15:22:09 IST" finished-at="2020-07-03T15:22:57 IST">
          <reporter-output>
          </reporter-output>
        </test-method> <!-- tc4 -->
        <test-method status="PASS" signature="teardown()[pri:0, instance:com.tomvc.qa.testcases.Addition_todos_test@76707e36]" name="teardown" is-config="true" duration-ms="660" started-at="2020-07-03T15:22:57 IST" finished-at="2020-07-03T15:22:58 IST">
          <reporter-output>
          </reporter-output>
        </test-method> <!-- teardown -->
        <test-method status="PASS" signature="setup()[pri:0, instance:com.tomvc.qa.testcases.Addition_todos_test@76707e36]" name="setup" is-config="true" duration-ms="11528" started-at="2020-07-03T15:22:58 IST" finished-at="2020-07-03T15:23:09 IST">
          <reporter-output>
          </reporter-output>
        </test-method> <!-- setup -->
        <test-method status="PASS" signature="tc6()[pri:1, instance:com.tomvc.qa.testcases.Addition_todos_test@76707e36]" name="tc6" duration-ms="32451" started-at="2020-07-03T15:23:09 IST" finished-at="2020-07-03T15:23:42 IST">
          <reporter-output>
          </reporter-output>
        </test-method> <!-- tc6 -->
        <test-method status="PASS" signature="teardown()[pri:0, instance:com.tomvc.qa.testcases.Addition_todos_test@76707e36]" name="teardown" is-config="true" duration-ms="654" started-at="2020-07-03T15:23:42 IST" finished-at="2020-07-03T15:23:42 IST">
          <reporter-output>
          </reporter-output>
        </test-method> <!-- teardown -->
        <test-method status="PASS" signature="setup()[pri:0, instance:com.tomvc.qa.testcases.Addition_todos_test@76707e36]" name="setup" is-config="true" duration-ms="9761" started-at="2020-07-03T15:23:42 IST" finished-at="2020-07-03T15:23:52 IST">
          <reporter-output>
          </reporter-output>
        </test-method> <!-- setup -->
        <test-method status="PASS" signature="tc7()[pri:2, instance:com.tomvc.qa.testcases.Addition_todos_test@76707e36]" name="tc7" duration-ms="47362" started-at="2020-07-03T15:23:52 IST" finished-at="2020-07-03T15:24:39 IST">
          <reporter-output>
          </reporter-output>
        </test-method> <!-- tc7 -->
        <test-method status="PASS" signature="teardown()[pri:0, instance:com.tomvc.qa.testcases.Addition_todos_test@76707e36]" name="teardown" is-config="true" duration-ms="649" started-at="2020-07-03T15:24:39 IST" finished-at="2020-07-03T15:24:40 IST">
          <reporter-output>
          </reporter-output>
        </test-method> <!-- teardown -->
        <test-method status="PASS" signature="setup()[pri:0, instance:com.tomvc.qa.testcases.Addition_todos_test@76707e36]" name="setup" is-config="true" duration-ms="14516" started-at="2020-07-03T15:24:40 IST" finished-at="2020-07-03T15:24:55 IST">
          <reporter-output>
          </reporter-output>
        </test-method> <!-- setup -->
        <test-method status="PASS" signature="tc8()[pri:3, instance:com.tomvc.qa.testcases.Addition_todos_test@76707e36]" name="tc8" duration-ms="36345" started-at="2020-07-03T15:24:55 IST" finished-at="2020-07-03T15:25:31 IST">
          <reporter-output>
          </reporter-output>
        </test-method> <!-- tc8 -->
        <test-method status="PASS" signature="teardown()[pri:0, instance:com.tomvc.qa.testcases.Addition_todos_test@76707e36]" name="teardown" is-config="true" duration-ms="1108" started-at="2020-07-03T15:25:31 IST" finished-at="2020-07-03T15:25:32 IST">
          <reporter-output>
          </reporter-output>
        </test-method> <!-- teardown -->
        <test-method status="PASS" signature="setup()[pri:0, instance:com.tomvc.qa.testcases.Addition_todos_test@76707e36]" name="setup" is-config="true" duration-ms="12596" started-at="2020-07-03T15:25:32 IST" finished-at="2020-07-03T15:25:45 IST">
          <reporter-output>
          </reporter-output>
        </test-method> <!-- setup -->
        <test-method status="PASS" signature="tc9()[pri:4, instance:com.tomvc.qa.testcases.Addition_todos_test@76707e36]" name="tc9" duration-ms="43603" started-at="2020-07-03T15:25:45 IST" finished-at="2020-07-03T15:26:28 IST">
          <reporter-output>
          </reporter-output>
        </test-method> <!-- tc9 -->
        <test-method status="PASS" signature="teardown()[pri:0, instance:com.tomvc.qa.testcases.Addition_todos_test@76707e36]" name="teardown" is-config="true" duration-ms="640" started-at="2020-07-03T15:26:28 IST" finished-at="2020-07-03T15:26:29 IST">
          <reporter-output>
          </reporter-output>
        </test-method> <!-- teardown -->
        <test-method status="PASS" signature="setup()[pri:0, instance:com.tomvc.qa.testcases.Addition_todos_test@76707e36]" name="setup" is-config="true" duration-ms="14940" started-at="2020-07-03T15:26:29 IST" finished-at="2020-07-03T15:26:44 IST">
          <reporter-output>
          </reporter-output>
        </test-method> <!-- setup -->
        <test-method status="PASS" signature="tc10()[pri:5, instance:com.tomvc.qa.testcases.Addition_todos_test@76707e36]" name="tc10" duration-ms="21517" started-at="2020-07-03T15:26:44 IST" finished-at="2020-07-03T15:27:05 IST">
          <reporter-output>
          </reporter-output>
        </test-method> <!-- tc10 -->
        <test-method status="PASS" signature="teardown()[pri:0, instance:com.tomvc.qa.testcases.Addition_todos_test@76707e36]" name="teardown" is-config="true" duration-ms="669" started-at="2020-07-03T15:27:05 IST" finished-at="2020-07-03T15:27:06 IST">
          <reporter-output>
          </reporter-output>
        </test-method> <!-- teardown -->
      </class> <!-- com.tomvc.qa.testcases.Addition_todos_test -->
    </test> <!-- Test1 -->
  </suite> <!-- Suite1 -->
</testng-results>
