<?xml version="1.0" encoding="UTF-8"?>
<!-- Generated by org.testng.reporters.JUnitXMLReporter -->
<testsuite hostname="SUD-PC" ignored="0" name="Default test" tests="6" failures="0" timestamp="2020-07-03T14:15:13 IST" time="275.144" errors="0">
  <testcase name="tc4" time="41.362" classname="com.tomvc.qa.testcases.Addition_todos_test"/>
  <testcase name="tc6" time="28.676" classname="com.tomvc.qa.testcases.Addition_todos_test"/>
  <testcase name="tc7" time="46.759" classname="com.tomvc.qa.testcases.Addition_todos_test"/>
  <testcase name="tc8" time="29.37" classname="com.tomvc.qa.testcases.Addition_todos_test"/>
  <testcase name="tc9" time="40.192" classname="com.tomvc.qa.testcases.Addition_todos_test"/>
  <testcase name="tc10" time="17.608" classname="com.tomvc.qa.testcases.Addition_todos_test"/>
</testsuite> <!-- Default test -->
